epoch,accuracy,loss,val_accuracy,val_loss
0,0.8912124633789062,0.8041166067123413,0.8785046935081482,0.7542757391929626
1,0.923915445804596,0.5979962348937988,0.8821762204170227,0.6790122985839844
2,0.9208008646965027,0.5488595962524414,0.8831775784492493,0.6368511319160461
3,0.9256952404975891,0.5100661516189575,0.8821762204170227,0.618754506111145
4,0.9216907620429993,0.48907384276390076,0.8788384795188904,0.6003406643867493
5,0.9201334714889526,0.47709476947784424,0.8808411359786987,0.6009783744812012
6,0.9210233688354492,0.4628933370113373,0.8811749219894409,0.5722936987876892
7,0.9187986850738525,0.45845460891723633,0.8805073499679565,0.5737760066986084
8,0.9250277876853943,0.4464874267578125,0.8825100064277649,0.5708433389663696
9,0.9243603944778442,0.4437858760356903,0.8815087080001831,0.5669960379600525
10,0.9228031039237976,0.43990057706832886,0.8791722059249878,0.5774345993995667
11,0.9252502918243408,0.4383951723575592,0.8791722059249878,0.5780640244483948
12,0.9221357107162476,0.4351211190223694,0.8818424344062805,0.5575204491615295
13,0.9201334714889526,0.43669185042381287,0.8778371214866638,0.5528157353401184
14,0.918576180934906,0.4333987832069397,0.8788384795188904,0.5683466792106628
15,0.9214683175086975,0.43706977367401123,0.8788384795188904,0.5723210573196411
16,0.9194660782814026,0.4394066333770752,0.8811749219894409,0.5786956548690796
17,0.9221357107162476,0.43353334069252014,0.8801735639572144,0.566658079624176
18,0.9223581552505493,0.43357497453689575,0.8808411359786987,0.5698976516723633
19,0.923915445804596,0.43090999126434326,0.8815087080001831,0.5612998604774475
20,0.9214683175086975,0.42874446511268616,0.8815087080001831,0.5655723214149475
21,0.9214683175086975,0.4327564835548401,0.8808411359786987,0.5521118640899658
22,0.9248053431510925,0.4280221164226532,0.8785046935081482,0.5453807711601257
23,0.9205784201622009,0.42234915494918823,0.8788384795188904,0.564393937587738
24,0.9221357107162476,0.432151198387146,0.8788384795188904,0.5561280846595764
25,0.9183537364006042,0.43429145216941833,0.8788384795188904,0.5470829606056213
26,0.9201334714889526,0.42921003699302673,0.8798397779464722,0.5545628666877747
27,0.9187986850738525,0.4310888648033142,0.8825100064277649,0.5665392875671387
28,0.9225806593894958,0.4270017445087433,0.8791722059249878,0.5502027869224548
29,0.9248053431510925,0.4287317097187042,0.8744993209838867,0.5547037124633789
30,0.9228031039237976,0.42441892623901367,0.8788384795188904,0.5675217509269714
31,0.9205784201622009,0.4289516508579254,0.8785046935081482,0.5521022081375122
32,0.9219132661819458,0.4239446520805359,0.8815087080001831,0.5611864328384399
33,0.9250277876853943,0.4191690981388092,0.8788384795188904,0.5556274056434631
34,0.9183537364006042,0.4281405210494995,0.8825100064277649,0.5611565709114075
35,0.9241379499435425,0.42076602578163147,0.8808411359786987,0.5530983209609985
36,0.9219132661819458,0.4247259795665741,0.8811749219894409,0.5520612597465515
37,0.9248053431510925,0.42515406012535095,0.8825100064277649,0.5621845126152039
38,0.9194660782814026,0.428442120552063,0.8818424344062805,0.5591791868209839
39,0.9201334714889526,0.4255468547344208,0.8791722059249878,0.5496149659156799
40,0.9221357107162476,0.42546743154525757,0.8818424344062805,0.5476691126823425
41,0.9236930012702942,0.4237577021121979,0.8831775784492493,0.5507215261459351
42,0.9250277876853943,0.4269528090953827,0.8788384795188904,0.5582095980644226
43,0.9228031039237976,0.43060919642448425,0.8791722059249878,0.5501667261123657
44,0.9245828986167908,0.4284103810787201,0.87950599193573,0.5660929083824158
45,0.9225806593894958,0.4262270927429199,0.8785046935081482,0.5460272431373596
46,0.9252502918243408,0.4240817129611969,0.8821762204170227,0.5447806715965271
47,0.9241379499435425,0.42620378732681274,0.8831775784492493,0.5540589094161987
48,0.9248053431510925,0.4204595685005188,0.8791722059249878,0.5473672151565552
49,0.9276974201202393,0.4270787835121155,0.8785046935081482,0.5555933117866516
50,0.9228031039237976,0.42747926712036133,0.8798397779464722,0.5485794544219971
51,0.9219132661819458,0.42638808488845825,0.8798397779464722,0.5533536672592163
52,0.9245828986167908,0.4205178916454315,0.87950599193573,0.5513956546783447
53,0.9245828986167908,0.42294561862945557,0.8808411359786987,0.5479602813720703
54,0.9221357107162476,0.42566996812820435,0.8835113644599915,0.5680794715881348
55,0.9261401295661926,0.42405760288238525,0.8801735639572144,0.5692132711410522
56,0.9201334714889526,0.42241957783699036,0.8778371214866638,0.5611133575439453
57,0.9236930012702942,0.4298928678035736,0.8788384795188904,0.550460696220398
58,0.9230256080627441,0.4293917715549469,0.8785046935081482,0.5446229577064514
59,0.9245828986167908,0.4203658998012543,0.8821762204170227,0.5480432510375977
60,0.9201334714889526,0.4216906726360321,0.87950599193573,0.5627713799476624
61,0.9216907620429993,0.42895543575286865,0.8798397779464722,0.5765734910964966
62,0.9241379499435425,0.42139407992362976,0.8805073499679565,0.5519406199455261
63,0.9183537364006042,0.4311032295227051,0.8825100064277649,0.5477233529090881
64,0.9221357107162476,0.4232451617717743,0.8811749219894409,0.5615905523300171
65,0.9241379499435425,0.4241800904273987,0.8815087080001831,0.5410081148147583
66,0.923915445804596,0.42628276348114014,0.8845126628875732,0.5515332818031311
67,0.9259176850318909,0.4248740077018738,0.8845126628875732,0.5696985125541687
68,0.9263626337051392,0.42299091815948486,0.8778371214866638,0.5738410949707031
69,0.9201334714889526,0.42320141196250916,0.8805073499679565,0.5471225380897522
70,0.9221357107162476,0.4199594557285309,0.8828437924385071,0.5690844655036926
71,0.9254727363586426,0.424268513917923,0.8825100064277649,0.546349048614502
72,0.9223581552505493,0.42237499356269836,0.8801735639572144,0.5513758063316345
73,0.9232480525970459,0.42524832487106323,0.8818424344062805,0.590851902961731
74,0.9228031039237976,0.4203457534313202,0.8798397779464722,0.5533696413040161
75,0.9214683175086975,0.426072895526886,0.8788384795188904,0.5526154637336731
76,0.9210233688354492,0.42565232515335083,0.8758344650268555,0.6161287426948547
77,0.9223581552505493,0.42260804772377014,0.8801735639572144,0.5697447061538696
78,0.9274749755859375,0.4238727390766144,0.8791722059249878,0.5370509624481201
79,0.9219132661819458,0.42285045981407166,0.8801735639572144,0.560478150844574
80,0.9194660782814026,0.42164626717567444,0.8811749219894409,0.5407312512397766
81,0.9214683175086975,0.4317314326763153,0.8838451504707336,0.5618520975112915
82,0.9228031039237976,0.4208841621875763,0.8818424344062805,0.5594537258148193
83,0.9234704971313477,0.42761629819869995,0.8805073499679565,0.5539394021034241
84,0.9236930012702942,0.4228316843509674,0.8818424344062805,0.5860112309455872
85,0.9241379499435425,0.4204859733581543,0.8805073499679565,0.5525357723236084
86,0.9243603944778442,0.422768771648407,0.8811749219894409,0.5560687780380249
87,0.9248053431510925,0.41887128353118896,0.8805073499679565,0.5771574974060059
88,0.9201334714889526,0.41948798298835754,0.8808411359786987,0.5685879588127136
89,0.9210233688354492,0.4256671369075775,0.8801735639572144,0.5431208610534668
90,0.9254727363586426,0.4187750518321991,0.8831775784492493,0.5531983971595764
91,0.9232480525970459,0.41772744059562683,0.8808411359786987,0.5480344295501709
92,0.9243603944778442,0.42031729221343994,0.8798397779464722,0.5749112367630005
93,0.9210233688354492,0.42600011825561523,0.8818424344062805,0.5542070865631104
94,0.9254727363586426,0.4179076850414276,0.8801735639572144,0.5610063672065735
95,0.9259176850318909,0.42101341485977173,0.8815087080001831,0.5625945925712585
96,0.9248053431510925,0.42118173837661743,0.8785046935081482,0.5575699806213379
97,0.9263626337051392,0.4236973226070404,0.878170907497406,0.5589116215705872
98,0.9223581552505493,0.4212169349193573,0.8798397779464722,0.5613489151000977
99,0.9232480525970459,0.4196918308734894,0.8821762204170227,0.5616639852523804
100,0.9234704971313477,0.4247796833515167,0.8801735639572144,0.5619266629219055
101,0.9236930012702942,0.41905832290649414,0.8805073499679565,0.576222836971283
102,0.9241379499435425,0.4234480559825897,0.8805073499679565,0.5527358055114746
103,0.9230256080627441,0.41894564032554626,0.8788384795188904,0.5682409405708313
104,0.9223581552505493,0.4149264395236969,0.8811749219894409,0.5617192387580872
105,0.9252502918243408,0.42019155621528625,0.8838451504707336,0.5537195801734924
106,0.9232480525970459,0.42125484347343445,0.8805073499679565,0.5614418983459473
107,0.9263626337051392,0.41950124502182007,0.8801735639572144,0.5590143203735352
108,0.9272525310516357,0.4198773503303528,0.8845126628875732,0.5624310970306396
109,0.9248053431510925,0.4176906645298004,0.8818424344062805,0.5647183060646057
110,0.9232480525970459,0.4224074184894562,0.8768357634544373,0.5499882698059082
111,0.9223581552505493,0.4240880310535431,0.8805073499679565,0.5853806734085083
112,0.9232480525970459,0.4181170165538788,0.8811749219894409,0.5651365518569946
113,0.9232480525970459,0.41936811804771423,0.884178876876831,0.5603875517845154
114,0.9245828986167908,0.4181082546710968,0.8825100064277649,0.5671520233154297
115,0.9245828986167908,0.41870006918907166,0.8775033354759216,0.5611428618431091
116,0.9225806593894958,0.4205686151981354,0.8805073499679565,0.569438636302948
117,0.9265850782394409,0.4200800955295563,0.8805073499679565,0.5918360948562622
118,0.9256952404975891,0.4167403280735016,0.8801735639572144,0.5451828241348267
119,0.9250277876853943,0.42081424593925476,0.8811749219894409,0.5469192266464233
120,0.9252502918243408,0.41891881823539734,0.8801735639572144,0.5727925896644592
121,0.9245828986167908,0.41683197021484375,0.8808411359786987,0.5608558654785156
122,0.9228031039237976,0.42018434405326843,0.8805073499679565,0.5622372031211853
123,0.9243603944778442,0.4209383428096771,0.8811749219894409,0.562842071056366
124,0.9241379499435425,0.4213915169239044,0.8821762204170227,0.5453064441680908
125,0.9261401295661926,0.41591084003448486,0.8825100064277649,0.5664514303207397
126,0.9250277876853943,0.4158693552017212,0.8818424344062805,0.5564150214195251
127,0.9254727363586426,0.415518581867218,0.8815087080001831,0.5704073309898376
128,0.9243603944778442,0.41831791400909424,0.8825100064277649,0.5552032589912415
